#
# A fatal error has been detected by the Java Runtime Environment:
#
#  SIGSEGV (0xb) at pc=0x00007fff8812f0dd, pid=1158, tid=8471
#
# JRE version: Java(TM) SE Runtime Environment (8.0_60-b27) (build 1.8.0_60-b27)
# Java VM: Java HotSpot(TM) 64-Bit Server VM (25.60-b23 mixed mode bsd-amd64 compressed oops)
# Problematic frame:
# C  [libobjc.A.dylib+0x10dd]  objc_msgSend+0x1d
#
# Failed to write core dump. Core dumps have been disabled. To enable core dumping, try "ulimit -c unlimited" before starting Java again
#
# If you would like to submit a bug report, please visit:
#   http://bugreport.java.com/bugreport/crash.jsp
# The crash happened outside the Java Virtual Machine in native code.
# See problematic frame for where to report the bug.
#

---------------  T H R E A D  ---------------

Current thread (0x00007fa52c158000):  JavaThread "AWT-AppKit" daemon [_thread_in_native, id=8471, stack(0x00007fff55f0c000,0x00007fff5670c000)]

siginfo: si_signo: 11 (SIGSEGV), si_code: 1 (SEGV_MAPERR), si_addr: 0x0000000000000018

Registers:
RAX=0x00007fa52aeea1e0, RBX=0x000000012a4563b0, RCX=0x0000000124f22cc0, RDX=0x0000000124cb4920
RSP=0x00007fff56706d48, RBP=0x00007fff56706e00, RSI=0x00007fff8bd1e40f, RDI=0x00007fa531c7c9a0
R8 =0x0000000000000000, R9 =0x0000000000000f50, R10=0x00007fff8bd1e40f, R11=0x0000000000000000
R12=0x0000000000000000, R13=0x0000000130ef7c48, R14=0x000000012a4563a0, R15=0x00007fa52c158000
RIP=0x00007fff8812f0dd, EFLAGS=0x0000000000010246, ERR=0x0000000000000004
  TRAPNO=0x000000000000000e

Top of Stack: (sp=0x00007fff56706d48)
0x00007fff56706d48:   000000012a4545d7 00007fff56706da0
0x00007fff56706d58:   0000000000000003 00007fff56706d80
0x00007fff56706d68:   000000010a804992 0000000130ef7c48
0x00007fff56706d78:   0000000130ef7c48 00007fa52aeea1e0
0x00007fff56706d88:   000000012a4565c0 000000012a456640
0x00007fff56706d98:   000000012a4563b0 00007fff74b0c550
0x00007fff56706da8:   000000012a4565d0 00007fff74be7c80
0x00007fff56706db8:   00007fa52aeea1e0 00007fa531c7c9a0
0x00007fff56706dc8:   00007fa52acb9e50 00007fa52aeea1e0
0x00007fff56706dd8:   00007fa531c7c9a0 00007fff56706e80
0x00007fff56706de8:   00007fa52c1581f8 0000000130ef7c48
0x00007fff56706df8:   00007fff56706ea8 00007fff56706e70
0x00007fff56706e08:   000000010b708954 00007fff56706e70
0x00007fff56706e18:   000000010b7086d9 000000010b714823
0x00007fff56706e28:   000000010b7086a2 00007fff56706e30
0x00007fff56706e38:   0000000130ef7c48 00007fff56706ea8
0x00007fff56706e48:   0000000130efa438 0000000000000000
0x00007fff56706e58:   0000000130ef7c48 0000000000000000
0x00007fff56706e68:   00007fff56706e90 00007fff56706ef0
0x00007fff56706e78:   000000010b6fac4d 00000007970d8e00
0x00007fff56706e88:   000000010b702578 00007fa52aeea1e0
0x00007fff56706e98:   000000010b703db9 00007fa531c7c9a0
0x00007fff56706ea8:   000000010b703d82 00007fff56706eb0
0x00007fff56706eb8:   0000000130ef7e12 00007fff56706f18
0x00007fff56706ec8:   0000000130efa438 0000000000000000
0x00007fff56706ed8:   0000000130ef7e20 00007fff56706e90
0x00007fff56706ee8:   00007fff56706f00 00007fff56706f60
0x00007fff56706ef8:   000000010b6fac4d 00007fa52aeea1e0
0x00007fff56706f08:   00000007970dd488 00007fa531c7c9a0
0x00007fff56706f18:   00000007970dd488 00007fff56706f20
0x00007fff56706f28:   0000000130f78f86 00007fff56706f70
0x00007fff56706f38:   0000000130f79040 0000000000000000 

Instructions: (pc=0x00007fff8812f0dd)
0x00007fff8812f0bd:   00 00 00 48 85 ff 2e 74 7a 40 f6 c7 01 2e 75 7e
0x00007fff8812f0cd:   49 bb f8 ff ff ff ff 7f 00 00 4c 23 1f 49 89 f2
0x00007fff8812f0dd:   45 23 53 18 49 c1 e2 04 4d 03 53 10 49 3b 32 75
0x00007fff8812f0ed:   04 41 ff 62 08 49 83 3a 00 74 6a 4d 3b 53 10 74 

Register to memory mapping:

RAX=0x00007fa52aeea1e0 is an unknown value
RBX=0x000000012a4563b0: Java_jogamp_nativewindow_macosx_OSXUtil_GetScreenRefreshRate0+0x1850 in /private/var/folders/7_/5s49sw5d579dt0nvz7_10ptm0000gn/T/jogamp_0000/file_cache/jln5641159822172304096/jln2553819824148358961/natives/macosx-universal/libnativewindow_macosx.jnilib at 0x000000012a44f000
RCX=0x0000000124f22cc0 is an unknown value
RDX=0x0000000124cb4920 is an unknown value
RSP=0x00007fff56706d48 is pointing into the stack for thread: 0x00007fa52c158000
RBP=0x00007fff56706e00 is pointing into the stack for thread: 0x00007fa52c158000
RSI=0x00007fff8bd1e40f is an unknown value
RDI=0x00007fa531c7c9a0 is an unknown value
R8 =0x0000000000000000 is an unknown value
R9 =0x0000000000000f50 is an unknown value
R10=0x00007fff8bd1e40f is an unknown value
R11=0x0000000000000000 is an unknown value
R12=0x0000000000000000 is an unknown value
R13={method} {0x0000000130ef7c48} 'UnsetJAWTRootSurfaceLayer0' '(JJ)V' in 'jogamp/nativewindow/jawt/macosx/MacOSXJAWTWindow'
R14=0x000000012a4563a0: Java_jogamp_nativewindow_macosx_OSXUtil_GetScreenRefreshRate0+0x1840 in /private/var/folders/7_/5s49sw5d579dt0nvz7_10ptm0000gn/T/jogamp_0000/file_cache/jln5641159822172304096/jln2553819824148358961/natives/macosx-universal/libnativewindow_macosx.jnilib at 0x000000012a44f000
R15=0x00007fa52c158000 is a thread


Stack: [0x00007fff55f0c000,0x00007fff5670c000],  sp=0x00007fff56706d48,  free space=8171k
Native frames: (J=compiled Java code, j=interpreted, Vv=VM code, C=native code)
C  [libobjc.A.dylib+0x10dd]  objc_msgSend+0x1d
j  jogamp.nativewindow.jawt.macosx.MacOSXJAWTWindow.UnsetJAWTRootSurfaceLayer0(JJ)V+0
j  jogamp.nativewindow.jawt.macosx.MacOSXJAWTWindow.access$200(JJ)V+2
j  jogamp.nativewindow.jawt.macosx.MacOSXJAWTWindow$1.run()V+38
j  com.jogamp.common.util.RunnableTask.run()V+24
v  ~StubRoutines::call_stub
V  [libjvm.dylib+0x2eab0e]
V  [libjvm.dylib+0x321bb7]
V  [libjvm.dylib+0x31438b]
C  [libnativewindow_macosx.jnilib+0x57ae]  Java_jogamp_nativewindow_jawt_macosx_MacOSXJAWTWindow_UnsetJAWTRootSurfaceLayer0+0x2be
C  [Foundation+0x92dd0]  __NSThreadPerformPerform+0x125
C  [CoreFoundation+0x80a01]  __CFRUNLOOP_IS_CALLING_OUT_TO_A_SOURCE0_PERFORM_FUNCTION__+0x11
C  [CoreFoundation+0x72c5c]  __CFRunLoopDoSources0+0x1dc
C  [CoreFoundation+0x721bf]  __CFRunLoopRun+0x39f
C  [CoreFoundation+0x71bd8]  CFRunLoopRunSpecific+0x128
C  [HIToolbox+0x3256f]  RunCurrentEventLoopInMode+0xeb
C  [HIToolbox+0x321ee]  ReceiveNextEventCommon+0xb3
C  [HIToolbox+0x3212b]  _BlockUntilNextEventMatchingListInModeWithFilter+0x47
C  [AppKit+0x918ab]  _DPSNextEvent+0x3d2
C  [AppKit+0x90e58]  -[NSApplication nextEventMatchingMask:untilDate:inMode:dequeue:]+0x15a
C  [libosxapp.dylib+0x23aa]  -[NSApplicationAWT nextEventMatchingMask:untilDate:inMode:dequeue:]+0x7c
C  [AppKit+0x86af3]  -[NSApplication run]+0x252
C  [libosxapp.dylib+0x214d]  +[NSApplicationAWT runAWTLoopWithApp:]+0x9c
C  [libawt_lwawt.dylib+0x44517]  -[AWTStarter starter:]+0x389
C  [Foundation+0x92dd0]  __NSThreadPerformPerform+0x125
C  [CoreFoundation+0x80a01]  __CFRUNLOOP_IS_CALLING_OUT_TO_A_SOURCE0_PERFORM_FUNCTION__+0x11
C  [CoreFoundation+0x72b8d]  __CFRunLoopDoSources0+0x10d
C  [CoreFoundation+0x721bf]  __CFRunLoopRun+0x39f
C  [CoreFoundation+0x71bd8]  CFRunLoopRunSpecific+0x128
C  [java+0x6463]  CreateExecutionEnvironment+0x367
C  [java+0x21ac]  JLI_Launch+0x7a0
C  [java+0x84c0]  main+0x65
C  [java+0x1a04]  start+0x34
C  0x000000000000000a

Java frames: (J=compiled Java code, j=interpreted, Vv=VM code)
j  jogamp.nativewindow.jawt.macosx.MacOSXJAWTWindow.UnsetJAWTRootSurfaceLayer0(JJ)V+0
j  jogamp.nativewindow.jawt.macosx.MacOSXJAWTWindow.access$200(JJ)V+2
j  jogamp.nativewindow.jawt.macosx.MacOSXJAWTWindow$1.run()V+38
j  com.jogamp.common.util.RunnableTask.run()V+24
v  ~StubRoutines::call_stub

---------------  P R O C E S S  ---------------

Java Threads: ( => current thread )
  0x00007fa52d622000 JavaThread "DestroyJavaVM" [_thread_blocked, id=3847, stack(0x000000010b59d000,0x000000010b69d000)]
  0x00007fa52c3c7000 JavaThread "AWT-EventQueue-0" [_thread_blocked, id=60687, stack(0x000000012d74e000,0x000000012d84e000)]
  0x00007fa52bb67000 JavaThread "Java2D Disposer" daemon [_thread_blocked, id=54031, stack(0x000000012adbf000,0x000000012aebf000)]
  0x00007fa52c34c800 JavaThread "Java2D Queue Flusher" daemon [_thread_blocked, id=53767, stack(0x0000000129d65000,0x0000000129e65000)]
  0x00007fa52d23e800 JavaThread "AWT-Shutdown" [_thread_blocked, id=30483, stack(0x00000001259aa000,0x0000000125aaa000)]
=>0x00007fa52c158000 JavaThread "AWT-AppKit" daemon [_thread_in_native, id=8471, stack(0x00007fff55f0c000,0x00007fff5670c000)]
  0x00007fa52b82d800 JavaThread "Service Thread" daemon [_thread_blocked, id=20739, stack(0x000000012461f000,0x000000012471f000)]
  0x00007fa52b82b000 JavaThread "C1 CompilerThread3" daemon [_thread_blocked, id=20227, stack(0x000000012451c000,0x000000012461c000)]
  0x00007fa52b82a000 JavaThread "C2 CompilerThread2" daemon [_thread_blocked, id=19715, stack(0x0000000124419000,0x0000000124519000)]
  0x00007fa52c04e800 JavaThread "C2 CompilerThread1" daemon [_thread_blocked, id=19203, stack(0x0000000124316000,0x0000000124416000)]
  0x00007fa52d005800 JavaThread "C2 CompilerThread0" daemon [_thread_blocked, id=18691, stack(0x0000000124213000,0x0000000124313000)]
  0x00007fa52c01b800 JavaThread "Signal Dispatcher" daemon [_thread_blocked, id=14859, stack(0x0000000124110000,0x0000000124210000)]
  0x00007fa52b856000 JavaThread "Finalizer" daemon [_thread_blocked, id=13571, stack(0x00000001226f4000,0x00000001227f4000)]
  0x00007fa52c00e000 JavaThread "Reference Handler" daemon [_thread_blocked, id=13059, stack(0x00000001225f1000,0x00000001226f1000)]

Other Threads:
  0x00007fa52b855000 VMThread [stack: 0x00000001224ee000,0x00000001225ee000] [id=12547]
  0x00007fa52b856800 WatcherThread [stack: 0x0000000124722000,0x0000000124822000] [id=21251]

VM state:not at safepoint (normal execution)

VM Mutex/Monitor currently owned by a thread: None

Heap:
 PSYoungGen      total 138240K, used 95153K [0x0000000795580000, 0x000000079e180000, 0x00000007c0000000)
  eden space 133120K, 71% used [0x0000000795580000,0x000000079b26c5d0,0x000000079d780000)
  from space 5120K, 0% used [0x000000079dc80000,0x000000079dc80000,0x000000079e180000)
  to   space 5120K, 0% used [0x000000079d780000,0x000000079d780000,0x000000079dc80000)
 ParOldGen       total 59904K, used 6656K [0x0000000740000000, 0x0000000743a80000, 0x0000000795580000)
  object space 59904K, 11% used [0x0000000740000000,0x0000000740680250,0x0000000743a80000)
 Metaspace       used 26504K, capacity 27928K, committed 28160K, reserved 1073152K
  class space    used 4052K, capacity 4540K, committed 4608K, reserved 1048576K

Card table byte_map: [0x000000011aab3000,0x000000011aeb4000] byte_map_base: 0x00000001170b3000

Marking Bits: (ParMarkBitMap*) 0x000000010aef1e20
 Begin Bits: [0x000000011b977000, 0x000000011d977000)
 End Bits:   [0x000000011d977000, 0x000000011f977000)

Polling page: 0x00000001095f7000

CodeCache: size=245760Kb used=9513Kb max_used=9513Kb free=236246Kb
 bounds [0x000000010b6f3000, 0x000000010c053000, 0x000000011a6f3000]
 total_blobs=3171 nmethods=2290 adapters=794
 compilation: enabled

Compilation events (10 events):
Event: 12.496 Thread 0x00007fa52b82b000 2286       3       java.nio.Buffer::limit (62 bytes)
Event: 12.497 Thread 0x00007fa52b82b000 nmethod 2286 0x000000010c043e50 code [0x000000010c043fc0, 0x000000010c0442c8]
Event: 12.528 Thread 0x00007fa52b82b000 2287       3       java.util.HashMap$HashIterator::<init> (79 bytes)
Event: 12.529 Thread 0x00007fa52b82b000 nmethod 2287 0x000000010c044390 code [0x000000010c044500, 0x000000010c044890]
Event: 12.547 Thread 0x00007fa52b82b000 2288       3       java.util.WeakHashMap::eq (19 bytes)
Event: 12.547 Thread 0x00007fa52b82b000 nmethod 2288 0x000000010c044a10 code [0x000000010c044b80, 0x000000010c044e08]
Event: 12.547 Thread 0x00007fa52b82b000 2289       3       java.awt.Component::isLightweight (8 bytes)
Event: 12.547 Thread 0x00007fa52b82b000 nmethod 2289 0x000000010c044ed0 code [0x000000010c045040, 0x000000010c045368]
Event: 12.548 Thread 0x00007fa52b82b000 2290       3       java.awt.Component::isValid (20 bytes)
Event: 12.548 Thread 0x00007fa52b82b000 nmethod 2290 0x000000010c045410 code [0x000000010c045580, 0x000000010c045770]

GC Heap History (10 events):
Event: 0.803 GC heap before
{Heap before GC invocations=1 (full 0):
 PSYoungGen      total 38400K, used 33280K [0x0000000795580000, 0x0000000798000000, 0x00000007c0000000)
  eden space 33280K, 100% used [0x0000000795580000,0x0000000797600000,0x0000000797600000)
  from space 5120K, 0% used [0x0000000797b00000,0x0000000797b00000,0x0000000798000000)
  to   space 5120K, 0% used [0x0000000797600000,0x0000000797600000,0x0000000797b00000)
 ParOldGen       total 87552K, used 0K [0x0000000740000000, 0x0000000745580000, 0x0000000795580000)
  object space 87552K, 0% used [0x0000000740000000,0x0000000740000000,0x0000000745580000)
 Metaspace       used 9147K, capacity 9761K, committed 9984K, reserved 1056768K
  class space    used 1658K, capacity 1680K, committed 1792K, reserved 1048576K
Event: 0.814 GC heap after
Heap after GC invocations=1 (full 0):
 PSYoungGen      total 38400K, used 5095K [0x0000000795580000, 0x000000079a080000, 0x00000007c0000000)
  eden space 33280K, 0% used [0x0000000795580000,0x0000000795580000,0x0000000797600000)
  from space 5120K, 99% used [0x0000000797600000,0x0000000797af9d08,0x0000000797b00000)
  to   space 5120K, 0% used [0x0000000799b80000,0x0000000799b80000,0x000000079a080000)
 ParOldGen       total 87552K, used 815K [0x0000000740000000, 0x0000000745580000, 0x0000000795580000)
  object space 87552K, 0% used [0x0000000740000000,0x00000007400cbec8,0x0000000745580000)
 Metaspace       used 9147K, capacity 9761K, committed 9984K, reserved 1056768K
  class space    used 1658K, capacity 1680K, committed 1792K, reserved 1048576K
}
Event: 1.443 GC heap before
{Heap before GC invocations=2 (full 0):
 PSYoungGen      total 38400K, used 38375K [0x0000000795580000, 0x000000079a080000, 0x00000007c0000000)
  eden space 33280K, 100% used [0x0000000795580000,0x0000000797600000,0x0000000797600000)
  from space 5120K, 99% used [0x0000000797600000,0x0000000797af9d08,0x0000000797b00000)
  to   space 5120K, 0% used [0x0000000799b80000,0x0000000799b80000,0x000000079a080000)
 ParOldGen       total 87552K, used 815K [0x0000000740000000, 0x0000000745580000, 0x0000000795580000)
  object space 87552K, 0% used [0x0000000740000000,0x00000007400cbec8,0x0000000745580000)
 Metaspace       used 14179K, capacity 14449K, committed 14720K, reserved 1060864K
  class space    used 2498K, capacity 2637K, committed 2688K, reserved 1048576K
Event: 1.450 GC heap after
Heap after GC invocations=2 (full 0):
 PSYoungGen      total 71680K, used 5091K [0x0000000795580000, 0x000000079a080000, 0x00000007c0000000)
  eden space 66560K, 0% used [0x0000000795580000,0x0000000795580000,0x0000000799680000)
  from space 5120K, 99% used [0x0000000799b80000,0x000000079a078d30,0x000000079a080000)
  to   space 5120K, 0% used [0x0000000799680000,0x0000000799680000,0x0000000799b80000)
 ParOldGen       total 87552K, used 1327K [0x0000000740000000, 0x0000000745580000, 0x0000000795580000)
  object space 87552K, 1% used [0x0000000740000000,0x000000074014bef8,0x0000000745580000)
 Metaspace       used 14179K, capacity 14449K, committed 14720K, reserved 1060864K
  class space    used 2498K, capacity 2637K, committed 2688K, reserved 1048576K
}
Event: 1.947 GC heap before
{Heap before GC invocations=3 (full 0):
 PSYoungGen      total 71680K, used 71651K [0x0000000795580000, 0x000000079a080000, 0x00000007c0000000)
  eden space 66560K, 100% used [0x0000000795580000,0x0000000799680000,0x0000000799680000)
  from space 5120K, 99% used [0x0000000799b80000,0x000000079a078d30,0x000000079a080000)
  to   space 5120K, 0% used [0x0000000799680000,0x0000000799680000,0x0000000799b80000)
 ParOldGen       total 87552K, used 1327K [0x0000000740000000, 0x0000000745580000, 0x0000000795580000)
  object space 87552K, 1% used [0x0000000740000000,0x000000074014bef8,0x0000000745580000)
 Metaspace       used 16025K, capacity 17057K, committed 17408K, reserved 1062912K
  class space    used 2873K, capacity 3225K, committed 3328K, reserved 1048576K
Event: 1.955 GC heap after
Heap after GC invocations=3 (full 0):
 PSYoungGen      total 71680K, used 5104K [0x0000000795580000, 0x000000079e180000, 0x00000007c0000000)
  eden space 66560K, 0% used [0x0000000795580000,0x0000000795580000,0x0000000799680000)
  from space 5120K, 99% used [0x0000000799680000,0x0000000799b7c030,0x0000000799b80000)
  to   space 5120K, 0% used [0x000000079dc80000,0x000000079dc80000,0x000000079e180000)
 ParOldGen       total 87552K, used 1775K [0x0000000740000000, 0x0000000745580000, 0x0000000795580000)
  object space 87552K, 2% used [0x0000000740000000,0x00000007401bbc78,0x0000000745580000)
 Metaspace       used 16025K, capacity 17057K, committed 17408K, reserved 1062912K
  class space    used 2873K, capacity 3225K, committed 3328K, reserved 1048576K
}
Event: 3.234 GC heap before
{Heap before GC invocations=4 (full 0):
 PSYoungGen      total 71680K, used 31972K [0x0000000795580000, 0x000000079e180000, 0x00000007c0000000)
  eden space 66560K, 40% used [0x0000000795580000,0x0000000796fbd220,0x0000000799680000)
  from space 5120K, 99% used [0x0000000799680000,0x0000000799b7c030,0x0000000799b80000)
  to   space 5120K, 0% used [0x000000079dc80000,0x000000079dc80000,0x000000079e180000)
 ParOldGen       total 87552K, used 1775K [0x0000000740000000, 0x0000000745580000, 0x0000000795580000)
  object space 87552K, 2% used [0x0000000740000000,0x00000007401bbc78,0x0000000745580000)
 Metaspace       used 19839K, capacity 21201K, committed 21296K, reserved 1067008K
  class space    used 3472K, capacity 3968K, committed 3968K, reserved 1048576K
Event: 3.242 GC heap after
Heap after GC invocations=4 (full 0):
 PSYoungGen      total 138240K, used 5089K [0x0000000795580000, 0x000000079e180000, 0x00000007c0000000)
  eden space 133120K, 0% used [0x0000000795580000,0x0000000795580000,0x000000079d780000)
  from space 5120K, 99% used [0x000000079dc80000,0x000000079e178598,0x000000079e180000)
  to   space 5120K, 0% used [0x000000079d780000,0x000000079d780000,0x000000079dc80000)
 ParOldGen       total 87552K, used 3216K [0x0000000740000000, 0x0000000745580000, 0x0000000795580000)
  object space 87552K, 3% used [0x0000000740000000,0x00000007403240b0,0x0000000745580000)
 Metaspace       used 19839K, capacity 21201K, committed 21296K, reserved 1067008K
  class space    used 3472K, capacity 3968K, committed 3968K, reserved 1048576K
}
Event: 3.242 GC heap before
{Heap before GC invocations=5 (full 1):
 PSYoungGen      total 138240K, used 5089K [0x0000000795580000, 0x000000079e180000, 0x00000007c0000000)
  eden space 133120K, 0% used [0x0000000795580000,0x0000000795580000,0x000000079d780000)
  from space 5120K, 99% used [0x000000079dc80000,0x000000079e178598,0x000000079e180000)
  to   space 5120K, 0% used [0x000000079d780000,0x000000079d780000,0x000000079dc80000)
 ParOldGen       total 87552K, used 3216K [0x0000000740000000, 0x0000000745580000, 0x0000000795580000)
  object space 87552K, 3% used [0x0000000740000000,0x00000007403240b0,0x0000000745580000)
 Metaspace       used 19839K, capacity 21201K, committed 21296K, reserved 1067008K
  class space    used 3472K, capacity 3968K, committed 3968K, reserved 1048576K
Event: 3.283 GC heap after
Heap after GC invocations=5 (full 1):
 PSYoungGen      total 138240K, used 0K [0x0000000795580000, 0x000000079e180000, 0x00000007c0000000)
  eden space 133120K, 0% used [0x0000000795580000,0x0000000795580000,0x000000079d780000)
  from space 5120K, 0% used [0x000000079dc80000,0x000000079dc80000,0x000000079e180000)
  to   space 5120K, 0% used [0x000000079d780000,0x000000079d780000,0x000000079dc80000)
 ParOldGen       total 59904K, used 6656K [0x0000000740000000, 0x0000000743a80000, 0x0000000795580000)
  object space 59904K, 11% used [0x0000000740000000,0x0000000740680250,0x0000000743a80000)
 Metaspace       used 19839K, capacity 21201K, committed 21296K, reserved 1067008K
  class space    used 3472K, capacity 3968K, committed 3968K, reserved 1048576K
}

Deoptimization events (10 events):
Event: 3.354 Thread 0x00007fa52d515800 Uncommon trap: reason=unstable_if action=reinterpret pc=0x000000010bc25058 method=java.util.regex.ASCII.isType(II)Z @ 6
Event: 3.355 Thread 0x00007fa52d515800 Uncommon trap: reason=bimorphic action=maybe_recompile pc=0x000000010bc0ae58 method=java.util.regex.Matcher.match(II)Z @ 86
Event: 3.355 Thread 0x00007fa52d515800 Uncommon trap: reason=bimorphic action=maybe_recompile pc=0x000000010bc0ae58 method=java.util.regex.Matcher.match(II)Z @ 86
Event: 3.378 Thread 0x00007fa52d515800 Uncommon trap: reason=unstable_if action=reinterpret pc=0x000000010b8f75d0 method=java.io.UnixFileSystem.normalize(Ljava/lang/String;)Ljava/lang/String; @ 60
Event: 3.423 Thread 0x00007fa52c002000 Uncommon trap: reason=unstable_if action=reinterpret pc=0x000000010bea40d4 method=clojure.lang.Var.popThreadBindings()V @ 31
Event: 3.715 Thread 0x00007fa52d515800 Uncommon trap: reason=bimorphic action=maybe_recompile pc=0x000000010bc0ae58 method=java.util.regex.Matcher.match(II)Z @ 86
Event: 4.117 Thread 0x00007fa52c3c7000 Uncommon trap: reason=unstable_if action=reinterpret pc=0x000000010be43014 method=java.lang.ThreadLocal.get()Ljava/lang/Object; @ 11
Event: 4.153 Thread 0x00007fa52c3c7000 Uncommon trap: reason=unstable_if action=reinterpret pc=0x000000010bc56ec4 method=java.lang.ThreadLocal$ThreadLocalMap.set(Ljava/lang/ThreadLocal;Ljava/lang/Object;)V @ 44
Event: 4.284 Thread 0x00007fa52c3c7000 Uncommon trap: reason=unstable_if action=reinterpret pc=0x000000010bfc6cec method=processing.opengl.PGL.nativeToJavaARGB([III)V @ 168
Event: 4.420 Thread 0x00007fa52c3c7000 Uncommon trap: reason=unstable_if action=reinterpret pc=0x000000010c00c648 method=twod_noise.core$draw_state.invoke(Ljava/lang/Object;)Ljava/lang/Object; @ 156

Internal exceptions (10 events):
Event: 1.209 Thread 0x00007fa52c002000 Exception <a 'java/io/FileNotFoundException'> (0x000000079637c728) thrown at [/Users/java_re/workspace/8-2-build-macosx-x86_64/jdk8u60/4407/hotspot/src/share/vm/prims/jni.cpp, line 709]
Event: 1.250 Thread 0x00007fa52c002000 Implicit null exception at 0x000000010b9a70cf to 0x000000010b9a71b5
Event: 3.051 Thread 0x00007fa52c158000 Implicit null exception at 0x000000010b9d39a9 to 0x000000010b9d3a71
Event: 3.162 Thread 0x00007fa52c002000 Implicit null exception at 0x000000010ba83bb5 to 0x000000010ba83f21
Event: 3.163 Thread 0x00007fa52c002000 Implicit null exception at 0x000000010b8cd7b5 to 0x000000010b8cdb15
Event: 3.166 Thread 0x00007fa52c002000 Implicit null exception at 0x000000010bb78b75 to 0x000000010bb78d9d
Event: 3.230 Thread 0x00007fa52c002000 Exception <a 'java/lang/NullPointerException'> (0x0000000796e27f80) thrown at [/Users/java_re/workspace/8-2-build-macosx-x86_64/jdk8u60/4407/hotspot/src/share/vm/interpreter/linkResolver.cpp, line 1280]
Event: 3.284 Thread 0x00007fa52b856000 Exception <a 'java/lang/NullPointerException'> (0x0000000795626678) thrown at [/Users/java_re/workspace/8-2-build-macosx-x86_64/jdk8u60/4407/hotspot/src/share/vm/interpreter/linkResolver.cpp, line 1178]
Event: 3.412 Thread 0x00007fa52d515800 Exception <a 'java/lang/UnsatisfiedLinkError': com.jogamp.common.util.JarUtil.fixNativeLibAttribs(Ljava/lang/String;)Z> (0x0000000795ebf440) thrown at [/Users/java_re/workspace/8-2-build-macosx-x86_64/jdk8u60/4407/hotspot/src/share/vm/prims/nativeLookup.c
Event: 4.117 Thread 0x00007fa52c3c7000 Implicit null exception at 0x000000010be41d3e to 0x000000010be43001

Events (10 events):
Event: 12.548 loading class java/awt/SequencedEvent done
Event: 12.549 Thread 0x00007fa52d515800 Thread exited: 0x00007fa52d515800
Event: 12.549 loading class javax/swing/JInternalFrame
Event: 12.550 loading class javax/swing/JInternalFrame done
Event: 12.550 loading class javax/swing/JMenu
Event: 12.550 loading class javax/swing/JMenuItem
Event: 12.550 loading class javax/swing/AbstractButton
Event: 12.550 loading class javax/swing/AbstractButton done
Event: 12.550 loading class javax/swing/JMenuItem done
Event: 12.550 loading class javax/swing/JMenu done


Dynamic libraries:
0x0000000002f96000 	/System/Library/Frameworks/Cocoa.framework/Versions/A/Cocoa
0x0000000002f96000 	/System/Library/Frameworks/Security.framework/Versions/A/Security
0x0000000002f96000 	/System/Library/Frameworks/ApplicationServices.framework/Versions/A/ApplicationServices
0x0000000002f96000 	/usr/lib/libz.1.dylib
0x0000000002f96000 	/usr/lib/libSystem.B.dylib
0x0000000002f96000 	/usr/lib/libobjc.A.dylib
0x0000000002f96000 	/System/Library/Frameworks/CoreFoundation.framework/Versions/A/CoreFoundation
0x0000000002f96000 	/System/Library/Frameworks/Foundation.framework/Versions/C/Foundation
0x0000000002f96000 	/System/Library/Frameworks/AppKit.framework/Versions/C/AppKit
0x0000000002f96000 	/System/Library/Frameworks/CoreData.framework/Versions/A/CoreData
0x0000000002f96000 	/System/Library/PrivateFrameworks/RemoteViewServices.framework/Versions/A/RemoteViewServices
0x0000000002f96000 	/System/Library/PrivateFrameworks/UIFoundation.framework/Versions/A/UIFoundation
0x0000000002f96000 	/System/Library/Frameworks/IOSurface.framework/Versions/A/IOSurface
0x0000000002f96000 	/System/Library/Frameworks/AudioToolbox.framework/Versions/A/AudioToolbox
0x0000000002f96000 	/System/Library/Frameworks/AudioUnit.framework/Versions/A/AudioUnit
0x0000000002f96000 	/System/Library/PrivateFrameworks/DataDetectorsCore.framework/Versions/A/DataDetectorsCore
0x0000000002f96000 	/System/Library/PrivateFrameworks/DesktopServicesPriv.framework/Versions/A/DesktopServicesPriv
0x0000000002f96000 	/System/Library/Frameworks/Carbon.framework/Versions/A/Frameworks/HIToolbox.framework/Versions/A/HIToolbox
0x0000000002f96000 	/System/Library/Frameworks/QuartzCore.framework/Versions/A/QuartzCore
0x0000000002f96000 	/System/Library/Frameworks/Carbon.framework/Versions/A/Frameworks/SpeechRecognition.framework/Versions/A/SpeechRecognition
0x0000000002f96000 	/usr/lib/libauto.dylib
0x0000000002f96000 	/usr/lib/libicucore.A.dylib
0x0000000002f96000 	/usr/lib/libxml2.2.dylib
0x0000000002f96000 	/System/Library/PrivateFrameworks/CoreUI.framework/Versions/A/CoreUI
0x0000000002f96000 	/System/Library/Frameworks/CoreAudio.framework/Versions/A/CoreAudio
0x0000000002f96000 	/System/Library/Frameworks/DiskArbitration.framework/Versions/A/DiskArbitration
0x0000000002f96000 	/usr/lib/liblangid.dylib
0x0000000002f96000 	/System/Library/PrivateFrameworks/MultitouchSupport.framework/Versions/A/MultitouchSupport
0x0000000002f96000 	/System/Library/Frameworks/IOKit.framework/Versions/A/IOKit
0x0000000002f96000 	/usr/lib/libDiagnosticMessagesClient.dylib
0x0000000002f96000 	/System/Library/Frameworks/CoreServices.framework/Versions/A/CoreServices
0x0000000002f96000 	/System/Library/PrivateFrameworks/PerformanceAnalysis.framework/Versions/A/PerformanceAnalysis
0x0000000002f96000 	/System/Library/PrivateFrameworks/GenerationalStorage.framework/Versions/A/GenerationalStorage
0x0000000002f96000 	/System/Library/Frameworks/OpenGL.framework/Versions/A/OpenGL
0x0000000002f96000 	/System/Library/PrivateFrameworks/Sharing.framework/Versions/A/Sharing
0x0000000002f96000 	/System/Library/Frameworks/CoreGraphics.framework/Versions/A/CoreGraphics
0x0000000002f96000 	/System/Library/Frameworks/CoreText.framework/Versions/A/CoreText
0x0000000002f96000 	/System/Library/Frameworks/ImageIO.framework/Versions/A/ImageIO
0x0000000002f96000 	/usr/lib/libextension.dylib
0x0000000002f96000 	/System/Library/PrivateFrameworks/Backup.framework/Versions/A/Backup
0x0000000002f96000 	/usr/lib/libarchive.2.dylib
0x0000000002f96000 	/System/Library/Frameworks/CFNetwork.framework/Versions/A/CFNetwork
0x0000000002f96000 	/System/Library/Frameworks/SystemConfiguration.framework/Versions/A/SystemConfiguration
0x0000000002f96000 	/usr/lib/libCRFSuite.dylib
0x0000000002f96000 	/usr/lib/libc++.1.dylib
0x0000000002f96000 	/usr/lib/libc++abi.dylib
0x0000000002f96000 	/usr/lib/system/libcache.dylib
0x0000000002f96000 	/usr/lib/system/libcommonCrypto.dylib
0x0000000002f96000 	/usr/lib/system/libcompiler_rt.dylib
0x0000000002f96000 	/usr/lib/system/libcopyfile.dylib
0x0000000002f96000 	/usr/lib/system/libcorecrypto.dylib
0x0000000002f96000 	/usr/lib/system/libdispatch.dylib
0x0000000002f96000 	/usr/lib/system/libdyld.dylib
0x0000000002f96000 	/usr/lib/system/libkeymgr.dylib
0x0000000002f96000 	/usr/lib/system/liblaunch.dylib
0x0000000002f96000 	/usr/lib/system/libmacho.dylib
0x0000000002f96000 	/usr/lib/system/libquarantine.dylib
0x0000000002f96000 	/usr/lib/system/libremovefile.dylib
0x0000000002f96000 	/usr/lib/system/libsystem_asl.dylib
0x0000000002f96000 	/usr/lib/system/libsystem_blocks.dylib
0x0000000002f96000 	/usr/lib/system/libsystem_c.dylib
0x0000000002f96000 	/usr/lib/system/libsystem_configuration.dylib
0x0000000002f96000 	/usr/lib/system/libsystem_coreservices.dylib
0x0000000002f96000 	/usr/lib/system/libsystem_coretls.dylib
0x0000000002f96000 	/usr/lib/system/libsystem_dnssd.dylib
0x0000000002f96000 	/usr/lib/system/libsystem_info.dylib
0x0000000002f96000 	/usr/lib/system/libsystem_kernel.dylib
0x0000000002f96000 	/usr/lib/system/libsystem_m.dylib
0x0000000002f96000 	/usr/lib/system/libsystem_malloc.dylib
0x0000000002f96000 	/usr/lib/system/libsystem_network.dylib
0x0000000002f96000 	/usr/lib/system/libsystem_networkextension.dylib
0x0000000002f96000 	/usr/lib/system/libsystem_notify.dylib
0x0000000002f96000 	/usr/lib/system/libsystem_platform.dylib
0x0000000002f96000 	/usr/lib/system/libsystem_pthread.dylib
0x0000000002f96000 	/usr/lib/system/libsystem_sandbox.dylib
0x0000000002f96000 	/usr/lib/system/libsystem_secinit.dylib
0x0000000002f96000 	/usr/lib/system/libsystem_stats.dylib
0x0000000002f96000 	/usr/lib/system/libsystem_trace.dylib
0x0000000002f96000 	/usr/lib/system/libunc.dylib
0x0000000002f96000 	/usr/lib/system/libunwind.dylib
0x0000000002f96000 	/usr/lib/system/libxpc.dylib
0x0000000002f96000 	/usr/lib/libbz2.1.0.dylib
0x0000000002f96000 	/usr/lib/liblzma.5.dylib
0x0000000002f96000 	/usr/lib/libbsm.0.dylib
0x0000000002f96000 	/usr/lib/libsqlite3.dylib
0x0000000002f96000 	/usr/lib/system/libkxld.dylib
0x0000000002f96000 	/usr/lib/libxar.1.dylib
0x0000000002f96000 	/usr/lib/libpam.2.dylib
0x0000000002f96000 	/usr/lib/libOpenScriptingUtil.dylib
0x0000000002f96000 	/System/Library/Frameworks/CoreServices.framework/Versions/A/Frameworks/FSEvents.framework/Versions/A/FSEvents
0x0000000002f96000 	/System/Library/Frameworks/CoreServices.framework/Versions/A/Frameworks/CarbonCore.framework/Versions/A/CarbonCore
0x0000000002f96000 	/System/Library/Frameworks/CoreServices.framework/Versions/A/Frameworks/Metadata.framework/Versions/A/Metadata
0x0000000002f96000 	/System/Library/Frameworks/CoreServices.framework/Versions/A/Frameworks/OSServices.framework/Versions/A/OSServices
0x0000000002f96000 	/System/Library/Frameworks/CoreServices.framework/Versions/A/Frameworks/SearchKit.framework/Versions/A/SearchKit
0x0000000002f96000 	/System/Library/Frameworks/CoreServices.framework/Versions/A/Frameworks/AE.framework/Versions/A/AE
0x0000000002f96000 	/System/Library/Frameworks/CoreServices.framework/Versions/A/Frameworks/LaunchServices.framework/Versions/A/LaunchServices
0x0000000002f96000 	/System/Library/Frameworks/CoreServices.framework/Versions/A/Frameworks/DictionaryServices.framework/Versions/A/DictionaryServices
0x0000000002f96000 	/System/Library/Frameworks/NetFS.framework/Versions/A/NetFS
0x0000000002f96000 	/System/Library/PrivateFrameworks/NetAuth.framework/Versions/A/NetAuth
0x0000000002f96000 	/System/Library/PrivateFrameworks/login.framework/Versions/A/Frameworks/loginsupport.framework/Versions/A/loginsupport
0x0000000002f96000 	/System/Library/PrivateFrameworks/TCC.framework/Versions/A/TCC
0x0000000002f96000 	/usr/lib/libmecabra.dylib
0x0000000002f96000 	/System/Library/Frameworks/ApplicationServices.framework/Versions/A/Frameworks/ATS.framework/Versions/A/ATS
0x0000000002f96000 	/System/Library/Frameworks/ApplicationServices.framework/Versions/A/Frameworks/ColorSync.framework/Versions/A/ColorSync
0x0000000002f96000 	/System/Library/Frameworks/ApplicationServices.framework/Versions/A/Frameworks/HIServices.framework/Versions/A/HIServices
0x0000000002f96000 	/System/Library/Frameworks/ApplicationServices.framework/Versions/A/Frameworks/LangAnalysis.framework/Versions/A/LangAnalysis
0x0000000002f96000 	/System/Library/Frameworks/ApplicationServices.framework/Versions/A/Frameworks/PrintCore.framework/Versions/A/PrintCore
0x0000000002f96000 	/System/Library/Frameworks/ApplicationServices.framework/Versions/A/Frameworks/QD.framework/Versions/A/QD
0x0000000002f96000 	/System/Library/Frameworks/ApplicationServices.framework/Versions/A/Frameworks/SpeechSynthesis.framework/Versions/A/SpeechSynthesis
0x0000000002f96000 	/System/Library/Frameworks/Accelerate.framework/Versions/A/Accelerate
0x0000000002f96000 	/System/Library/Frameworks/Accelerate.framework/Versions/A/Frameworks/vImage.framework/Versions/A/vImage
0x0000000002f96000 	/System/Library/Frameworks/Accelerate.framework/Versions/A/Frameworks/vecLib.framework/Versions/A/vecLib
0x0000000002f96000 	/System/Library/Frameworks/Accelerate.framework/Versions/A/Frameworks/vecLib.framework/Versions/A/libvDSP.dylib
0x0000000002f96000 	/System/Library/Frameworks/Accelerate.framework/Versions/A/Frameworks/vecLib.framework/Versions/A/libvMisc.dylib
0x0000000002f96000 	/System/Library/Frameworks/Accelerate.framework/Versions/A/Frameworks/vecLib.framework/Versions/A/libLAPACK.dylib
0x0000000002f96000 	/System/Library/Frameworks/Accelerate.framework/Versions/A/Frameworks/vecLib.framework/Versions/A/libBLAS.dylib
0x0000000002f96000 	/System/Library/Frameworks/Accelerate.framework/Versions/A/Frameworks/vecLib.framework/Versions/A/libLinearAlgebra.dylib
0x0000000002f96000 	/System/Library/Frameworks/ApplicationServices.framework/Versions/A/Frameworks/ATS.framework/Versions/A/Resources/libFontParser.dylib
0x0000000002f96000 	/System/Library/Frameworks/ApplicationServices.framework/Versions/A/Frameworks/ATS.framework/Versions/A/Resources/libFontRegistry.dylib
0x0000000002f96000 	/System/Library/PrivateFrameworks/AppleVPA.framework/Versions/A/AppleVPA
0x0000000002f96000 	/System/Library/PrivateFrameworks/AppleJPEG.framework/Versions/A/AppleJPEG
0x0000000002f96000 	/System/Library/Frameworks/ImageIO.framework/Versions/A/Resources/libJPEG.dylib
0x0000000002f96000 	/System/Library/Frameworks/ImageIO.framework/Versions/A/Resources/libTIFF.dylib
0x0000000002f96000 	/System/Library/Frameworks/ImageIO.framework/Versions/A/Resources/libPng.dylib
0x0000000002f96000 	/System/Library/Frameworks/ImageIO.framework/Versions/A/Resources/libGIF.dylib
0x0000000002f96000 	/System/Library/Frameworks/ImageIO.framework/Versions/A/Resources/libJP2.dylib
0x0000000002f96000 	/System/Library/Frameworks/ImageIO.framework/Versions/A/Resources/libRadiance.dylib
0x0000000002f96000 	/System/Library/Frameworks/CoreVideo.framework/Versions/A/CoreVideo
0x0000000002f96000 	/System/Library/Frameworks/OpenGL.framework/Versions/A/Libraries/libGLU.dylib
0x0000000002f96000 	/System/Library/Frameworks/OpenGL.framework/Versions/A/Libraries/libGFXShared.dylib
0x0000000002f96000 	/System/Library/Frameworks/OpenGL.framework/Versions/A/Libraries/libGL.dylib
0x0000000002f96000 	/System/Library/Frameworks/OpenGL.framework/Versions/A/Libraries/libGLImage.dylib
0x0000000002f96000 	/System/Library/Frameworks/OpenGL.framework/Versions/A/Libraries/libCVMSPluginSupport.dylib
0x0000000002f96000 	/System/Library/Frameworks/OpenGL.framework/Versions/A/Libraries/libCoreVMClient.dylib
0x0000000002f96000 	/usr/lib/libcups.2.dylib
0x0000000002f96000 	/System/Library/Frameworks/Kerberos.framework/Versions/A/Kerberos
0x0000000002f96000 	/System/Library/Frameworks/GSS.framework/Versions/A/GSS
0x0000000002f96000 	/usr/lib/libresolv.9.dylib
0x0000000002f96000 	/usr/lib/libiconv.2.dylib
0x0000000002f96000 	/System/Library/PrivateFrameworks/Heimdal.framework/Versions/A/Heimdal
0x0000000002f96000 	/usr/lib/libheimdal-asn1.dylib
0x0000000002f96000 	/System/Library/Frameworks/OpenDirectory.framework/Versions/A/OpenDirectory
0x0000000002f96000 	/System/Library/PrivateFrameworks/CommonAuth.framework/Versions/A/CommonAuth
0x0000000002f96000 	/System/Library/Frameworks/OpenDirectory.framework/Versions/A/Frameworks/CFOpenDirectory.framework/Versions/A/CFOpenDirectory
0x0000000002f96000 	/System/Library/Frameworks/SecurityFoundation.framework/Versions/A/SecurityFoundation
0x0000000002f96000 	/System/Library/PrivateFrameworks/LanguageModeling.framework/Versions/A/LanguageModeling
0x0000000002f96000 	/usr/lib/libcmph.dylib
0x0000000002f96000 	/System/Library/Frameworks/ServiceManagement.framework/Versions/A/ServiceManagement
0x0000000002f96000 	/usr/lib/libxslt.1.dylib
0x0000000002f96000 	/System/Library/Frameworks/Carbon.framework/Versions/A/Frameworks/Ink.framework/Versions/A/Ink
0x0000000002f96000 	/System/Library/Frameworks/QuartzCore.framework/Versions/A/Frameworks/CoreImage.framework/Versions/A/CoreImage
0x0000000002f96000 	/System/Library/PrivateFrameworks/CrashReporterSupport.framework/Versions/A/CrashReporterSupport
0x0000000002f96000 	/System/Library/Frameworks/OpenCL.framework/Versions/A/OpenCL
0x0000000002f96000 	/System/Library/PrivateFrameworks/FaceCore.framework/Versions/A/FaceCore
0x0000000002f96000 	/System/Library/PrivateFrameworks/Ubiquity.framework/Versions/A/Ubiquity
0x0000000002f96000 	/System/Library/PrivateFrameworks/IconServices.framework/Versions/A/IconServices
0x0000000002f96000 	/System/Library/PrivateFrameworks/ChunkingLibrary.framework/Versions/A/ChunkingLibrary
0x0000000002f96000 	/System/Library/PrivateFrameworks/Apple80211.framework/Versions/A/Apple80211
0x0000000002f96000 	/System/Library/Frameworks/CoreWLAN.framework/Versions/A/CoreWLAN
0x0000000002f96000 	/System/Library/Frameworks/IOBluetooth.framework/Versions/A/IOBluetooth
0x0000000002f96000 	/System/Library/PrivateFrameworks/CoreWiFi.framework/Versions/A/CoreWiFi
0x0000000002f96000 	/System/Library/Frameworks/CoreBluetooth.framework/Versions/A/CoreBluetooth
0x0000000002f96000 	/System/Library/PrivateFrameworks/DebugSymbols.framework/Versions/A/DebugSymbols
0x0000000002f96000 	/System/Library/PrivateFrameworks/CoreSymbolication.framework/Versions/A/CoreSymbolication
0x0000000002f96000 	/System/Library/PrivateFrameworks/Symbolication.framework/Versions/A/Symbolication
0x0000000002f96000 	/System/Library/PrivateFrameworks/SpeechRecognitionCore.framework/Versions/A/SpeechRecognitionCore
0x000000010a613000 	/Library/Java/JavaVirtualMachines/jdk1.8.0_60.jdk/Contents/Home/jre/lib/server/libjvm.dylib
0x0000000002f96000 	/usr/lib/libstdc++.6.dylib
0x000000010b69f000 	/Library/Java/JavaVirtualMachines/jdk1.8.0_60.jdk/Contents/Home/jre/lib/libverify.dylib
0x000000010b6ad000 	/Library/Java/JavaVirtualMachines/jdk1.8.0_60.jdk/Contents/Home/jre/lib/libjava.dylib
0x000000010b6ea000 	/Library/Java/JavaVirtualMachines/jdk1.8.0_60.jdk/Contents/Home/jre/lib/libzip.dylib
0x00000001227f6000 	/System/Library/Frameworks/JavaVM.framework/Frameworks/JavaRuntimeSupport.framework/JavaRuntimeSupport
0x000000012280c000 	/System/Library/Frameworks/JavaVM.framework/Versions/A/Frameworks/JavaNativeFoundation.framework/Versions/A/JavaNativeFoundation
0x0000000122820000 	/System/Library/Frameworks/JavaVM.framework/Versions/A/JavaVM
0x0000000002f96000 	/System/Library/Frameworks/Carbon.framework/Versions/A/Carbon
0x000000012282c000 	/System/Library/PrivateFrameworks/JavaLaunching.framework/Versions/A/JavaLaunching
0x0000000002f96000 	/System/Library/Frameworks/Carbon.framework/Versions/A/Frameworks/CommonPanels.framework/Versions/A/CommonPanels
0x0000000002f96000 	/System/Library/Frameworks/Carbon.framework/Versions/A/Frameworks/Help.framework/Versions/A/Help
0x0000000002f96000 	/System/Library/Frameworks/Carbon.framework/Versions/A/Frameworks/ImageCapture.framework/Versions/A/ImageCapture
0x0000000002f96000 	/System/Library/Frameworks/Carbon.framework/Versions/A/Frameworks/OpenScripting.framework/Versions/A/OpenScripting
0x0000000002f96000 	/System/Library/Frameworks/Carbon.framework/Versions/A/Frameworks/Print.framework/Versions/A/Print
0x0000000002f96000 	/System/Library/Frameworks/Carbon.framework/Versions/A/Frameworks/SecurityHI.framework/Versions/A/SecurityHI
0x000000012536f000 	/Library/Java/JavaVirtualMachines/jdk1.8.0_60.jdk/Contents/Home/jre/lib/libawt.dylib
0x0000000125417000 	/Library/Java/JavaVirtualMachines/jdk1.8.0_60.jdk/Contents/Home/jre/lib/./libmlib_image.dylib
0x00000001254e3000 	/Library/Java/JavaVirtualMachines/jdk1.8.0_60.jdk/Contents/Home/jre/lib/libawt_lwawt.dylib
0x0000000124ac4000 	/Library/Java/JavaVirtualMachines/jdk1.8.0_60.jdk/Contents/Home/jre/lib/./libosxapp.dylib
0x0000000002f96000 	/System/Library/Frameworks/ExceptionHandling.framework/Versions/A/ExceptionHandling
0x0000000002f96000 	/System/Library/PrivateFrameworks/CoreServicesInternal.framework/Versions/A/CoreServicesInternal
0x0000000002f96000 	/System/Library/PrivateFrameworks/CloudDocs.framework/Versions/A/CloudDocs
0x0000000002f96000 	/System/Library/PrivateFrameworks/CoreDuet.framework/Versions/A/CoreDuet
0x0000000002f96000 	/System/Library/Frameworks/CloudKit.framework/Versions/A/CloudKit
0x0000000002f96000 	/System/Library/PrivateFrameworks/ProtocolBuffer.framework/Versions/A/ProtocolBuffer
0x0000000002f96000 	/System/Library/PrivateFrameworks/CoreDuetDaemonProtocol.framework/Versions/A/CoreDuetDaemonProtocol
0x0000000002f96000 	/System/Library/PrivateFrameworks/CoreDuetDebugLogging.framework/Versions/A/CoreDuetDebugLogging
0x0000000002f96000 	/System/Library/PrivateFrameworks/MMCS.framework/Versions/A/MMCS
0x0000000002f96000 	/System/Library/Frameworks/CoreLocation.framework/Versions/A/CoreLocation
0x0000000002f96000 	/System/Library/PrivateFrameworks/ProtectedCloudStorage.framework/Versions/A/ProtectedCloudStorage
0x0000000002f96000 	/System/Library/PrivateFrameworks/GeoServices.framework/Versions/A/GeoServices
0x0000000002f96000 	/System/Library/Frameworks/CoreGraphics.framework/Versions/A/Resources/libCGCMS.A.dylib
0x0000000002f96000 	/System/Library/Frameworks/CoreGraphics.framework/Versions/A/Resources/libRIP.A.dylib
0x0000000002f96000 	/System/Library/Frameworks/CoreGraphics.framework/Versions/A/Resources/libCGXType.A.dylib
0x0000000002f96000 	/System/Library/Frameworks/OpenCL.framework/Versions/A/Libraries/libcldcpuengine.dylib
0x0000000002f96000 	/System/Library/PrivateFrameworks/DiskImages.framework/Versions/A/DiskImages
0x0000000002f96000 	/System/Library/Frameworks/DiscRecording.framework/Versions/A/DiscRecording
0x0000000002f96000 	/usr/lib/libcsfde.dylib
0x0000000002f96000 	/usr/lib/libcurl.4.dylib
0x0000000002f96000 	/System/Library/PrivateFrameworks/MediaKit.framework/Versions/A/MediaKit
0x0000000002f96000 	/usr/lib/libCoreStorage.dylib
0x0000000002f96000 	/System/Library/PrivateFrameworks/EFILogin.framework/Versions/A/EFILogin
0x0000000002f96000 	/usr/lib/libutil.dylib
0x0000000002f96000 	/System/Library/PrivateFrameworks/FindMyDevice.framework/Versions/A/FindMyDevice
0x0000000002f96000 	/System/Library/Frameworks/LDAP.framework/Versions/A/LDAP
0x0000000002f96000 	/usr/lib/libsasl2.2.dylib
0x0000000002f96000 	/System/Library/PrivateFrameworks/CoreDaemon.framework/Versions/B/CoreDaemon
0x0000000002f96000 	/usr/lib/libcrypto.0.9.8.dylib
0x0000000002f96000 	/System/Library/PrivateFrameworks/AppleSRP.framework/Versions/A/AppleSRP
0x0000000002f96000 	/System/Library/PrivateFrameworks/TrustEvaluationAgent.framework/Versions/A/TrustEvaluationAgent
0x0000000124c23000 	cl_kernels
0x0000000128622000 	/System/Library/Frameworks/OpenCL.framework/Versions/A/Libraries/ImageFormats/unorm8_bgra.dylib
0x0000000124d18000 	cl_kernels
0x0000000002f96000 	/System/Library/PrivateFrameworks/FamilyControls.framework/Versions/A/FamilyControls
0x0000000002f96000 	/System/Library/PrivateFrameworks/CommerceKit.framework/Versions/A/Frameworks/CommerceCore.framework/Versions/A/CommerceCore
0x0000000002f96000 	/System/Library/PrivateFrameworks/SystemAdministration.framework/Versions/A/SystemAdministration
0x0000000002f96000 	/System/Library/PrivateFrameworks/AppContainer.framework/Versions/A/AppContainer
0x0000000002f96000 	/System/Library/PrivateFrameworks/SecCodeWrapper.framework/Versions/A/SecCodeWrapper
0x0000000002f96000 	/System/Library/Frameworks/DirectoryService.framework/Versions/A/DirectoryService
0x0000000002f96000 	/System/Library/PrivateFrameworks/LoginUIKit.framework/Versions/A/Frameworks/LoginUICore.framework/Versions/A/LoginUICore
0x0000000002f96000 	/usr/lib/libodfde.dylib
0x0000000002f96000 	/System/Library/Frameworks/OpenGL.framework/Versions/A/Resources/GLEngine.bundle/GLEngine
0x0000000002f96000 	/System/Library/Frameworks/OpenGL.framework/Versions/A/Libraries/libGLProgrammability.dylib
0x000000012a75f000 	/System/Library/Extensions/AppleIntelHD4000GraphicsGLDriver.bundle/Contents/MacOS/AppleIntelHD4000GraphicsGLDriver
0x0000000002f96000 	/System/Library/PrivateFrameworks/IOAccelerator.framework/Versions/A/IOAccelerator
0x0000000002f96000 	/System/Library/PrivateFrameworks/GPUSupport.framework/Versions/A/Libraries/libGPUSupportMercury.dylib
0x0000000000000000 	/System/Library/Extensions/GeForceGLDriver.bundle/Contents/MacOS/GeForceGLDriver
0x0000000002f96000 	/System/Library/Extensions/GeForceGLDriver.bundle/Contents/MacOS/libclh.dylib
0x0000000002f96000 	/System/Library/Frameworks/OpenGL.framework/Versions/A/Resources/GLRendererFloat.bundle/GLRendererFloat
0x000000012b101000 	/Library/Java/JavaVirtualMachines/jdk1.8.0_60.jdk/Contents/Home/jre/lib/libfontmanager.dylib
0x0000000127b4b000 	/Library/Java/JavaVirtualMachines/jdk1.8.0_60.jdk/Contents/Home/jre/lib/libosxui.dylib
0x0000000124ee9000 	/Library/Java/JavaVirtualMachines/jdk1.8.0_60.jdk/Contents/Home/jre/lib/libnet.dylib
0x0000000124f00000 	/Library/Java/JavaVirtualMachines/jdk1.8.0_60.jdk/Contents/Home/jre/lib/libnio.dylib
0x0000000124f10000 	/private/var/folders/7_/5s49sw5d579dt0nvz7_10ptm0000gn/T/jogamp_0000/file_cache/jln5641159822172304096/jln2553819824148358961/natives/macosx-universal/libgluegen-rt.jnilib
0x0000000124f23000 	/private/var/folders/7_/5s49sw5d579dt0nvz7_10ptm0000gn/T/jogamp_0000/file_cache/jln5641159822172304096/jln2553819824148358961/natives/macosx-universal/libnativewindow_awt.jnilib
0x0000000124f26000 	/Library/Java/JavaVirtualMachines/jdk1.8.0_60.jdk/Contents/Home/jre/lib/libjawt.dylib
0x000000012a44f000 	/private/var/folders/7_/5s49sw5d579dt0nvz7_10ptm0000gn/T/jogamp_0000/file_cache/jln5641159822172304096/jln2553819824148358961/natives/macosx-universal/libnativewindow_macosx.jnilib
0x0000000130dfe000 	/private/var/folders/7_/5s49sw5d579dt0nvz7_10ptm0000gn/T/jogamp_0000/file_cache/jln5641159822172304096/jln2553819824148358961/natives/macosx-universal/libjogl_desktop.jnilib

VM Arguments:
jvm_args: -Dfile.encoding=UTF-8 -Dclojure.compile.path=/Users/Boris/Dev/Clojure/noc/twod-noise/target/classes -Dtwod-noise.version=0.1.0-SNAPSHOT -Dclojure.debug=false 
java_command: clojure.main -i /private/var/folders/7_/5s49sw5d579dt0nvz7_10ptm0000gn/T/form-init5237257041086003301.clj
java_class_path (initial): /Users/Boris/Dev/Clojure/noc/twod-noise/test:/Users/Boris/Dev/Clojure/noc/twod-noise/src:/Users/Boris/Dev/Clojure/noc/twod-noise/dev-resources:/Users/Boris/Dev/Clojure/noc/twod-noise/resources:/Users/Boris/Dev/Clojure/noc/twod-noise/target/classes:/Users/Boris/.m2/repository/clojure-complete/clojure-complete/0.2.3/clojure-complete-0.2.3.jar:/Users/Boris/.m2/repository/quil/quil/2.2.6/quil-2.2.6.jar:/Users/Boris/.m2/repository/com/lowagie/itext/2.1.7/itext-2.1.7.jar:/Users/Boris/.m2/repository/quil/processing-pdf/2.2.1/processing-pdf-2.2.1.jar:/Users/Boris/.m2/repository/org/bouncycastle/bcmail-jdk14/1.38/bcmail-jdk14-1.38.jar:/Users/Boris/.m2/repository/quil/jogl-all-fat/2.1.5/jogl-all-fat-2.1.5.jar:/Users/Boris/.m2/repository/quil/processing-js/1.4.8.2/processing-js-1.4.8.2.jar:/Users/Boris/.m2/repository/bouncycastle/bcprov-jdk14/138/bcprov-jdk14-138.jar:/Users/Boris/.m2/repository/org/bouncycastle/bctsp-jdk14/1.38/bctsp-jdk14-1.38.jar:/Users/Boris/.m2/repository/quil/gluegen-rt-fat/2.1.5/gluegen-rt-fat-2.1.5.jar:/Users/Boris/.m2/repository/bouncycastle/bcmail-jdk14/138/bcmail-jdk14-138.jar:/Users/Boris/.m2/repository/quil/processing-dxf/2.2.1/processing-dxf-2.2.1.jar:/Users/Boris/.m2/repository/quil/processing-core/2.2.1/processing-core-2.2.1.jar:/Users/Boris/.m2/repository/org/clojure/clojure/1.6.0/clojure-1.6.0.jar:/Users/Boris/.m2/repository/org/clojure/tools.nrepl/0.2.10/tools.nrepl-0.2.10.jar:/Users/Boris/.m2/repository/org/bouncycastle/bcprov-jdk14/1.38/bcprov-jdk14-1.38.jar
Launcher Type: SUN_STANDARD

Environment Variables:
PATH=/Users/Boris/Dev/Google/google-cloud-sdk/bin:/Users/Boris/.nvm/versions/io.js/v2.5.0/bin:/Users/Boris/.rbenv/shims:/usr/local/bin:/usr/bin:/bin:/usr/sbin:/sbin:/Users/Boris/Dev/Scala/activator-1.2.12:/Users/Boris/Dev/Scala/scala-2.11.4/bin
SHELL=/bin/bash

Signal Handlers:
SIGSEGV: [libjvm.dylib+0x5a6d31], sa_mask[0]=11111111011111110111111111111111, sa_flags=SA_ONSTACK|SA_RESTART|SA_SIGINFO
SIGBUS: [libjvm.dylib+0x5a6d31], sa_mask[0]=11111111011111110111111111111111, sa_flags=SA_RESTART|SA_SIGINFO
SIGFPE: [libjvm.dylib+0x480a4c], sa_mask[0]=11111111011111110111111111111111, sa_flags=SA_RESTART|SA_SIGINFO
SIGPIPE: [libjvm.dylib+0x480a4c], sa_mask[0]=11111111011111110111111111111111, sa_flags=SA_RESTART|SA_SIGINFO
SIGXFSZ: [libjvm.dylib+0x480a4c], sa_mask[0]=11111111011111110111111111111111, sa_flags=SA_RESTART|SA_SIGINFO
SIGILL: [libjvm.dylib+0x480a4c], sa_mask[0]=11111111011111110111111111111111, sa_flags=SA_RESTART|SA_SIGINFO
SIGUSR1: SIG_DFL, sa_mask[0]=11011111011111100000000111000110, sa_flags=none
SIGUSR2: [libjvm.dylib+0x48056a], sa_mask[0]=00100000000000000000000000000000, sa_flags=SA_RESTART|SA_SIGINFO
SIGHUP: [libjvm.dylib+0x47eb41], sa_mask[0]=11111111011111110111111111111111, sa_flags=SA_RESTART|SA_SIGINFO
SIGINT: [libjvm.dylib+0x47eb41], sa_mask[0]=11111111011111110111111111111111, sa_flags=SA_RESTART|SA_SIGINFO
SIGTERM: [libjvm.dylib+0x47eb41], sa_mask[0]=11111111011111110111111111111111, sa_flags=SA_RESTART|SA_SIGINFO
SIGQUIT: [libjvm.dylib+0x47eb41], sa_mask[0]=11111111011111110111111111111111, sa_flags=SA_RESTART|SA_SIGINFO


---------------  S Y S T E M  ---------------

OS:Bsduname:Darwin 14.5.0 Darwin Kernel Version 14.5.0: Tue Sep  1 21:23:09 PDT 2015; root:xnu-2782.50.1~1/RELEASE_X86_64 x86_64
rlimit: STACK 8192k, CORE 0k, NPROC 709, NOFILE 10240, AS infinity
load average:1.41 1.78 1.71

CPU:total 8 (4 cores per cpu, 2 threads per core) family 6 model 58 stepping 9, cmov, cx8, fxsr, mmx, sse, sse2, sse3, ssse3, sse4.1, sse4.2, popcnt, avx, aes, clmul, erms, ht, tsc, tscinvbit, tscinv

Memory: 4k page, physical 8388608k(51756k free)

/proc/meminfo:


vm_info: Java HotSpot(TM) 64-Bit Server VM (25.60-b23) for bsd-amd64 JRE (1.8.0_60-b27), built on Aug  4 2015 10:47:24 by "java_re" with gcc 4.2.1 (Based on Apple Inc. build 5658) (LLVM build 2336.11.00)

time: Mon Nov 23 23:31:42 2015
elapsed time: 12 seconds (0d 0h 0m 12s)

